<?xml version="1.0" encoding="UTF-8"?>
<!-- Generated by org.testng.reporters.JUnitReportReporter -->
<testsuite hostname="MLouka-LT" failures="0" tests="2" name="MOJ.ExternalSystem.TestUserLoginAsDelegate" time="30.585" errors="0" timestamp="2019-12-19T16:59:39 EET" skipped="0">
  <testcase classname="MOJ.ExternalSystem.TestUserLoginAsDelegate" name="Test_User_Login_As_Delegator" time="15.998"/>
  <testcase classname="MOJ.ExternalSystem.TestUserLoginAsDelegate" name="Test_User_Login_As_Delegators" time="14.587"/>
</testsuite> <!-- MOJ.ExternalSystem.TestUserLoginAsDelegate -->
