<?xml version="1.0" encoding="UTF-8"?>
<!-- Generated by org.testng.reporters.JUnitReportReporter -->
<testsuite hostname="MGalal-LT" failures="0" tests="2" name="MOJ.ExternalSystem.TestUserLoginAsOwner" time="101.244" errors="0" timestamp="25 Dec 2019 10:55:24 GMT">
  <testcase classname="MOJ.ExternalSystem.TestUserLoginAsOwner" name="Test_User_Login_As_valid" time="45.381"/>
  <testcase classname="MOJ.ExternalSystem.TestUserLoginAsOwner" name="Test_User_Login_not_valid" time="55.863"/>
</testsuite> <!-- MOJ.ExternalSystem.TestUserLoginAsOwner -->
